<?xml version="1.0" encoding="UTF-8"?>
<coverage generated="1709214904389" clover="3.2.0">
  <project timestamp="1709214904389" name="All files">
    <metrics statements="11" coveredstatements="10" conditionals="8" coveredconditionals="7" methods="2" coveredmethods="2" elements="21" coveredelements="19" complexity="0" loc="11" ncloc="11" packages="1" files="1" classes="1"/>
    <file name="index.js" path="/Users/marohha/Documents/Marohha/FrontEnd/JS nex lvl/test-Ci/Task 2/src/index.js">
      <metrics statements="11" coveredstatements="10" conditionals="8" coveredconditionals="7" methods="2" coveredmethods="2"/>
      <line num="3" count="1" type="stmt"/>
      <line num="4" count="4" type="stmt"/>
      <line num="7" count="1" type="stmt"/>
      <line num="9" count="1" type="stmt"/>
      <line num="10" count="3" type="cond" truecount="2" falsecount="0"/>
      <line num="11" count="2" type="stmt"/>
      <line num="13" count="3" type="cond" truecount="3" falsecount="1"/>
      <line num="14" count="0" type="stmt"/>
      <line num="16" count="3" type="cond" truecount="2" falsecount="0"/>
      <line num="17" count="1" type="stmt"/>
      <line num="21" count="1" type="stmt"/>
    </file>
  </project>
</coverage>
