{"/Users/marohha/Documents/Marohha/FrontEnd/JS nex lvl/test-Ci/Task 2/src/index.js": {"path":"/Users/marohha/Documents/Marohha/FrontEnd/JS nex lvl/test-Ci/Task 2/src/index.js","statementMap":{"0":{"start":{"line":3,"column":25},"end":{"line":5,"column":6}},"1":{"start":{"line":4,"column":8},"end":{"line":4,"column":35}},"2":{"start":{"line":7,"column":26},"end":{"line":7,"column":28}},"3":{"start":{"line":9,"column":4},"end":{"line":19,"column":5}},"4":{"start":{"line":9,"column":17},"end":{"line":9,"column":18}},"5":{"start":{"line":10,"column":8},"end":{"line":12,"column":9}},"6":{"start":{"line":11,"column":12},"end":{"line":11,"column":44}},"7":{"start":{"line":13,"column":8},"end":{"line":15,"column":9}},"8":{"start":{"line":14,"column":12},"end":{"line":14,"column":44}},"9":{"start":{"line":16,"column":8},"end":{"line":18,"column":9}},"10":{"start":{"line":17,"column":12},"end":{"line":17,"column":45}},"11":{"start":{"line":21,"column":4},"end":{"line":21,"column":27}}},"fnMap":{"0":{"name":"charactersCheck","decl":{"start":{"line":1,"column":24},"end":{"line":1,"column":39}},"loc":{"start":{"line":1,"column":52},"end":{"line":22,"column":1}},"line":1},"1":{"name":"(anonymous_1)","decl":{"start":{"line":3,"column":41},"end":{"line":3,"column":42}},"loc":{"start":{"line":3,"column":56},"end":{"line":5,"column":5}},"line":3}},"branchMap":{"0":{"loc":{"start":{"line":10,"column":8},"end":{"line":12,"column":9}},"type":"if","locations":[{"start":{"line":10,"column":8},"end":{"line":12,"column":9}},{"start":{},"end":{}}],"line":10},"1":{"loc":{"start":{"line":13,"column":8},"end":{"line":15,"column":9}},"type":"if","locations":[{"start":{"line":13,"column":8},"end":{"line":15,"column":9}},{"start":{},"end":{}}],"line":13},"2":{"loc":{"start":{"line":13,"column":12},"end":{"line":13,"column":75}},"type":"binary-expr","locations":[{"start":{"line":13,"column":12},"end":{"line":13,"column":42}},{"start":{"line":13,"column":46},"end":{"line":13,"column":75}}],"line":13},"3":{"loc":{"start":{"line":16,"column":8},"end":{"line":18,"column":9}},"type":"if","locations":[{"start":{"line":16,"column":8},"end":{"line":18,"column":9}},{"start":{},"end":{}}],"line":16}},"s":{"0":1,"1":4,"2":1,"3":1,"4":1,"5":3,"6":2,"7":3,"8":0,"9":3,"10":1,"11":1},"f":{"0":1,"1":4},"b":{"0":[2,1],"1":[0,3],"2":[3,2],"3":[1,2]},"_coverageSchema":"1a1c01bbd47fc00a2c39e90264f33305004495a9","hash":"5a1774007138e660d7f4cdf8db729fdee3ce97be"}
}
